\BOOKMARK [1][-]{section.1}{\376\377\000P\000u\000r\000p\000o\000s\000e\000\040\000\046\000\040\000R\000e\000q\000u\000i\000r\000e\000m\000e\000n\000t\000s}{}% 1
\BOOKMARK [2][-]{subsection.1.1}{\376\377\000P\000u\000r\000p\000o\000s\000e\000\040\000o\000f\000\040\000t\000h\000e\000\040\000I\000o\000T\000\040\000S\000y\000s\000t\000e\000m}{section.1}% 2
\BOOKMARK [2][-]{subsection.1.2}{\376\377\000F\000u\000n\000c\000t\000i\000o\000n\000a\000l\000\040\000R\000e\000q\000u\000i\000r\000e\000m\000e\000n\000t\000s}{section.1}% 3
\BOOKMARK [2][-]{subsection.1.3}{\376\377\000N\000o\000n\000-\000F\000u\000n\000c\000t\000i\000o\000n\000a\000l\000\040\000R\000e\000q\000u\000i\000r\000e\000m\000e\000n\000t\000s}{section.1}% 4
\BOOKMARK [2][-]{subsection.1.4}{\376\377\000C\000o\000n\000s\000t\000r\000a\000i\000n\000t\000s\000\040\000a\000n\000d\000\040\000A\000s\000s\000u\000m\000p\000t\000i\000o\000n\000s}{section.1}% 5
\BOOKMARK [1][-]{section.2}{\376\377\000P\000r\000o\000c\000e\000s\000s\000\040\000S\000p\000e\000c\000i\000f\000i\000c\000a\000t\000i\000o\000n}{}% 6
\BOOKMARK [2][-]{subsection.2.1}{\376\377\000O\000v\000e\000r\000v\000i\000e\000w}{section.2}% 7
\BOOKMARK [2][-]{subsection.2.2}{\376\377\000C\000o\000r\000e\000\040\000S\000y\000s\000t\000e\000m\000\040\000P\000r\000o\000c\000e\000s\000s\000e\000s}{section.2}% 8
\BOOKMARK [3][-]{subsubsection.2.2.1}{\376\377\000O\000c\000c\000u\000p\000a\000n\000c\000y\000\040\000D\000e\000t\000e\000c\000t\000i\000o\000n\000\040\000P\000r\000o\000c\000e\000s\000s}{subsection.2.2}% 9
\BOOKMARK [3][-]{subsubsection.2.2.2}{\376\377\000E\000n\000e\000r\000g\000y\000\040\000M\000a\000n\000a\000g\000e\000m\000e\000n\000t\000\040\000P\000r\000o\000c\000e\000s\000s}{subsection.2.2}% 10
\BOOKMARK [3][-]{subsubsection.2.2.3}{\376\377\000W\000u\000d\000u\000\040\000W\000a\000t\000e\000r\000\040\000M\000o\000n\000i\000t\000o\000r\000i\000n\000g\000\040\000P\000r\000o\000c\000e\000s\000s}{subsection.2.2}% 11
\BOOKMARK [3][-]{subsubsection.2.2.4}{\376\377\000A\000i\000r\000\040\000Q\000u\000a\000l\000i\000t\000y\000\040\000M\000o\000n\000i\000t\000o\000r\000i\000n\000g\000\040\000P\000r\000o\000c\000e\000s\000s}{subsection.2.2}% 12
\BOOKMARK [3][-]{subsubsection.2.2.5}{\376\377\000C\000e\000n\000t\000r\000a\000l\000\040\000M\000o\000n\000i\000t\000o\000r\000i\000n\000g\000\040\000a\000n\000d\000\040\000C\000o\000n\000t\000r\000o\000l\000\040\000P\000r\000o\000c\000e\000s\000s}{subsection.2.2}% 13
\BOOKMARK [2][-]{subsection.2.3}{\376\377\000I\000n\000t\000e\000g\000r\000a\000t\000e\000d\000\040\000S\000y\000s\000t\000e\000m\000\040\000F\000l\000o\000w\000c\000h\000a\000r\000t}{section.2}% 14
\BOOKMARK [2][-]{subsection.2.4}{\376\377\000P\000r\000o\000c\000e\000s\000s\000\040\000I\000n\000t\000e\000r\000a\000c\000t\000i\000o\000n\000\040\000N\000o\000t\000e\000s}{section.2}% 15
\BOOKMARK [1][-]{section.3}{\376\377\000D\000o\000m\000a\000i\000n\000\040\000M\000o\000d\000e\000l\000\040\000S\000p\000e\000c\000i\000f\000i\000c\000a\000t\000i\000o\000n}{}% 16
\BOOKMARK [2][-]{subsection.3.1}{\376\377\000E\000n\000t\000i\000t\000i\000e\000s}{section.3}% 17
\BOOKMARK [2][-]{subsection.3.2}{\376\377\000A\000t\000t\000r\000i\000b\000u\000t\000e\000s\000\040\000f\000o\000r\000\040\000e\000a\000c\000h\000\040\000E\000n\000t\000i\000t\000y}{section.3}% 18
\BOOKMARK [2][-]{subsection.3.3}{\376\377\000R\000e\000l\000a\000t\000i\000o\000n\000s\000h\000i\000p\000s}{section.3}% 19
\BOOKMARK [2][-]{subsection.3.4}{\376\377\000U\000M\000L\000\040\000D\000i\000a\000g\000r\000a\000m}{section.3}% 20
\BOOKMARK [1][-]{section.4}{\376\377\000D\000o\000m\000a\000i\000n\000\040\000M\000o\000d\000e\000l\000\040\000S\000p\000e\000c\000i\000f\000i\000c\000a\000t\000i\000o\000n}{}% 21
\BOOKMARK [2][-]{subsection.4.1}{\376\377\000E\000n\000t\000i\000t\000i\000e\000s}{section.4}% 22
\BOOKMARK [2][-]{subsection.4.2}{\376\377\000A\000t\000t\000r\000i\000b\000u\000t\000e\000s\000\040\000f\000o\000r\000\040\000e\000a\000c\000h\000\040\000E\000n\000t\000i\000t\000y}{section.4}% 23
\BOOKMARK [2][-]{subsection.4.3}{\376\377\000R\000e\000l\000a\000t\000i\000o\000n\000s\000h\000i\000p\000s}{section.4}% 24
\BOOKMARK [2][-]{subsection.4.4}{\376\377\000U\000M\000L\000\040\000D\000i\000a\000g\000r\000a\000m}{section.4}% 25
\BOOKMARK [1][-]{section.5}{\376\377\000I\000n\000f\000o\000r\000m\000a\000t\000i\000o\000n\000\040\000M\000o\000d\000e\000l\000\040\000S\000p\000e\000c\000i\000f\000i\000c\000a\000t\000i\000o\000n}{}% 26
\BOOKMARK [2][-]{subsection.5.1}{\376\377\000T\000y\000p\000e\000s\000\040\000o\000f\000\040\000D\000a\000t\000a\000\040\000i\000n\000\040\000S\000y\000s\000t\000e\000m}{section.5}% 27
\BOOKMARK [3][-]{subsubsection.5.1.1}{\376\377\000S\000e\000n\000s\000o\000r\000\040\000D\000a\000t\000a\000\040\000\050\000R\000a\000w\000\040\000D\000a\000t\000a\000\051}{subsection.5.1}% 28
\BOOKMARK [3][-]{subsubsection.5.1.2}{\376\377\000P\000r\000o\000c\000e\000s\000s\000e\000d\000\040\000D\000a\000t\000a}{subsection.5.1}% 29
\BOOKMARK [3][-]{subsubsection.5.1.3}{\376\377\000S\000y\000s\000t\000e\000m\000\040\000D\000a\000t\000a\000\040\000\050\000S\000t\000o\000r\000e\000d\000\051}{subsection.5.1}% 30
\BOOKMARK [3][-]{subsubsection.5.1.4}{\376\377\000C\000o\000n\000t\000r\000o\000l\000\040\000D\000a\000t\000a\000\040\000\050\000f\000r\000o\000m\000\040\000A\000d\000m\000i\000n\000\051}{subsection.5.1}% 31
\BOOKMARK [2][-]{subsection.5.2}{\376\377\000D\000a\000t\000a\000\040\000F\000l\000o\000w}{section.5}% 32
\BOOKMARK [3][-]{subsubsection.5.2.1}{\376\377\000M\000a\000i\000n\000\040\000F\000l\000o\000w}{subsection.5.2}% 33
\BOOKMARK [3][-]{subsubsection.5.2.2}{\376\377\000C\000o\000n\000t\000r\000o\000l\000\040\000F\000l\000o\000w}{subsection.5.2}% 34
\BOOKMARK [1][-]{section.6}{\376\377\000S\000e\000r\000v\000i\000c\000e\000\040\000S\000p\000e\000c\000i\000f\000i\000c\000a\000t\000i\000o\000n\000s}{}% 35
\BOOKMARK [2][-]{subsection.6.1}{\376\377\000O\000v\000e\000r\000v\000i\000e\000w}{section.6}% 36
\BOOKMARK [2][-]{subsection.6.2}{\376\377\000S\000e\000r\000v\000i\000c\000e\000\040\000L\000i\000s\000t}{section.6}% 37
\BOOKMARK [2][-]{subsection.6.3}{\376\377\000S\000e\000r\000v\000i\000c\000e\000\040\000D\000e\000s\000c\000r\000i\000p\000t\000i\000o\000n\000s}{section.6}% 38
\BOOKMARK [1][-]{section.7}{\376\377\000S\000e\000r\000v\000i\000c\000e\000\040\000S\000p\000e\000c\000i\000f\000i\000c\000a\000t\000i\000o\000n\000s}{}% 39
\BOOKMARK [2][-]{subsection.7.1}{\376\377\000O\000v\000e\000r\000v\000i\000e\000w}{section.7}% 40
\BOOKMARK [2][-]{subsection.7.2}{\376\377\000S\000e\000r\000v\000i\000c\000e\000\040\000L\000i\000s\000t}{section.7}% 41
\BOOKMARK [2][-]{subsection.7.3}{\376\377\000S\000e\000r\000v\000i\000c\000e\000\040\000D\000e\000s\000c\000r\000i\000p\000t\000i\000o\000n\000s}{section.7}% 42
\BOOKMARK [1][-]{section.8}{\376\377\000I\000o\000T\000\040\000L\000e\000v\000e\000l\000\040\000S\000p\000e\000c\000i\000f\000i\000c\000a\000t\000i\000o\000n}{}% 43
\BOOKMARK [2][-]{subsection.8.1}{\376\377\000L\000e\000v\000e\000l\000\040\0001\000\040\040\023\000\040\000P\000e\000r\000c\000e\000p\000t\000i\000o\000n\000\040\000L\000a\000y\000e\000r}{section.8}% 44
\BOOKMARK [2][-]{subsection.8.2}{\376\377\000L\000e\000v\000e\000l\000\040\0002\000\040\040\023\000\040\000N\000e\000t\000w\000o\000r\000k\000\040\000L\000a\000y\000e\000r}{section.8}% 45
\BOOKMARK [2][-]{subsection.8.3}{\376\377\000L\000e\000v\000e\000l\000\040\0003\000\040\040\023\000\040\000E\000d\000g\000e\000\040\000P\000r\000o\000c\000e\000s\000s\000i\000n\000g\000\040\000L\000a\000y\000e\000r}{section.8}% 46
\BOOKMARK [2][-]{subsection.8.4}{\376\377\000L\000e\000v\000e\000l\000\040\0004\000\040\040\023\000\040\000D\000a\000t\000a\000\040\000A\000c\000c\000u\000m\000u\000l\000a\000t\000i\000o\000n\000\040\000L\000a\000y\000e\000r}{section.8}% 47
\BOOKMARK [2][-]{subsection.8.5}{\376\377\000L\000e\000v\000e\000l\000\040\0005\000\040\040\023\000\040\000A\000p\000p\000l\000i\000c\000a\000t\000i\000o\000n\000\040\000L\000a\000y\000e\000r}{section.8}% 48
\BOOKMARK [2][-]{subsection.8.6}{\376\377\000L\000e\000v\000e\000l\000\040\000I\000n\000t\000e\000r\000a\000c\000t\000i\000o\000n\000\040\000S\000u\000m\000m\000a\000r\000y}{section.8}% 49
\BOOKMARK [1][-]{section.9}{\376\377\000F\000u\000n\000c\000t\000i\000o\000n\000a\000l\000\040\000V\000i\000e\000w\000\040\000S\000p\000e\000c\000i\000f\000i\000c\000a\000t\000i\000o\000n}{}% 50
\BOOKMARK [2][-]{subsection.9.1}{\376\377\000O\000v\000e\000r\000v\000i\000e\000w}{section.9}% 51
\BOOKMARK [2][-]{subsection.9.2}{\376\377\000F\000u\000n\000c\000t\000i\000o\000n\000a\000l\000\040\000B\000l\000o\000c\000k\000\040\000D\000e\000s\000c\000r\000i\000p\000t\000i\000o\000n\000s}{section.9}% 52
\BOOKMARK [2][-]{subsection.9.3}{\376\377\000I\000n\000t\000e\000r\000-\000B\000l\000o\000c\000k\000\040\000D\000a\000t\000a\000\040\000F\000l\000o\000w\000\040\000S\000u\000m\000m\000a\000r\000y}{section.9}% 53
\BOOKMARK [1][-]{section.10}{\376\377\000O\000p\000e\000r\000a\000t\000i\000o\000n\000a\000l\000\040\000V\000i\000e\000w\000\040\000S\000p\000e\000c\000i\000f\000i\000c\000a\000t\000i\000o\000n}{}% 54
\BOOKMARK [2][-]{subsection.10.1}{\376\377\000S\000y\000s\000t\000e\000m\000\040\000P\000e\000r\000f\000o\000r\000m\000a\000n\000c\000e}{section.10}% 55
\BOOKMARK [3][-]{subsubsection.10.1.1}{\376\377\000R\000e\000s\000p\000o\000n\000s\000e\000\040\000T\000i\000m\000e}{subsection.10.1}% 56
\BOOKMARK [3][-]{subsubsection.10.1.2}{\376\377\000D\000a\000t\000a\000\040\000U\000p\000d\000a\000t\000e\000\040\000F\000r\000e\000q\000u\000e\000n\000c\000y}{subsection.10.1}% 57
\BOOKMARK [3][-]{subsubsection.10.1.3}{\376\377\000T\000h\000r\000o\000u\000g\000h\000p\000u\000t}{subsection.10.1}% 58
\BOOKMARK [3][-]{subsubsection.10.1.4}{\376\377\000E\000f\000f\000i\000c\000i\000e\000n\000c\000y}{subsection.10.1}% 59
\BOOKMARK [2][-]{subsection.10.2}{\376\377\000S\000y\000s\000t\000e\000m\000\040\000R\000e\000l\000i\000a\000b\000i\000l\000i\000t\000y}{section.10}% 60
\BOOKMARK [3][-]{subsubsection.10.2.1}{\376\377\000S\000e\000n\000s\000o\000r\000\040\000F\000a\000i\000l\000u\000r\000e\000\040\000H\000a\000n\000d\000l\000i\000n\000g}{subsection.10.2}% 61
\BOOKMARK [3][-]{subsubsection.10.2.2}{\376\377\000N\000e\000t\000w\000o\000r\000k\000\040\000F\000a\000i\000l\000u\000r\000e}{subsection.10.2}% 62
\BOOKMARK [3][-]{subsubsection.10.2.3}{\376\377\000P\000o\000w\000e\000r\000\040\000F\000a\000i\000l\000u\000r\000e}{subsection.10.2}% 63
\BOOKMARK [2][-]{subsection.10.3}{\376\377\000S\000y\000s\000t\000e\000m\000\040\000S\000c\000a\000l\000a\000b\000i\000l\000i\000t\000y}{section.10}% 64
\BOOKMARK [3][-]{subsubsection.10.3.1}{\376\377\000M\000o\000r\000e\000\040\000S\000e\000n\000s\000o\000r\000s}{subsection.10.3}% 65
\BOOKMARK [3][-]{subsubsection.10.3.2}{\376\377\000S\000p\000r\000e\000a\000d\000i\000n\000g\000\040\000t\000o\000\040\000O\000t\000h\000e\000r\000\040\000M\000o\000s\000q\000u\000e\000s}{subsection.10.3}% 66
\BOOKMARK [3][-]{subsubsection.10.3.3}{\376\377\000M\000o\000d\000u\000l\000a\000r\000\040\000A\000r\000c\000h\000i\000t\000e\000c\000t\000u\000r\000e}{subsection.10.3}% 67
\BOOKMARK [2][-]{subsection.10.4}{\376\377\000S\000y\000s\000t\000e\000m\000\040\000S\000e\000c\000u\000r\000i\000t\000y}{section.10}% 68
\BOOKMARK [3][-]{subsubsection.10.4.1}{\376\377\000N\000e\000t\000w\000o\000r\000k\000\040\000P\000r\000o\000t\000e\000c\000t\000i\000o\000n}{subsection.10.4}% 69
\BOOKMARK [3][-]{subsubsection.10.4.2}{\376\377\000A\000c\000c\000e\000s\000s\000\040\000C\000o\000n\000t\000r\000o\000l}{subsection.10.4}% 70
\BOOKMARK [3][-]{subsubsection.10.4.3}{\376\377\000D\000a\000t\000a\000\040\000E\000n\000c\000r\000y\000p\000t\000i\000o\000n}{subsection.10.4}% 71
\BOOKMARK [3][-]{subsubsection.10.4.4}{\376\377\000D\000e\000v\000i\000c\000e\000\040\000F\000i\000l\000t\000e\000r\000i\000n\000g}{subsection.10.4}% 72
\BOOKMARK [3][-]{subsubsection.10.4.5}{\376\377\000P\000r\000i\000v\000a\000c\000y\000\040\000P\000r\000o\000t\000e\000c\000t\000i\000o\000n}{subsection.10.4}% 73
\BOOKMARK [2][-]{subsection.10.5}{\376\377\000E\000n\000e\000r\000g\000y\000\040\000E\000f\000f\000i\000c\000i\000e\000n\000c\000y}{section.10}% 74
\BOOKMARK [3][-]{subsubsection.10.5.1}{\376\377\000P\000r\000a\000y\000e\000r\000\040\000T\000i\000m\000e\000\040\000C\000o\000n\000t\000r\000o\000l}{subsection.10.5}% 75
\BOOKMARK [3][-]{subsubsection.10.5.2}{\376\377\000O\000c\000c\000u\000p\000a\000n\000c\000y\000-\000B\000a\000s\000e\000d\000\040\000A\000c\000t\000i\000v\000a\000t\000i\000o\000n}{subsection.10.5}% 76
\BOOKMARK [3][-]{subsubsection.10.5.3}{\376\377\000A\000u\000t\000o\000m\000a\000t\000i\000c\000\040\000S\000h\000u\000t\000d\000o\000w\000n}{subsection.10.5}% 77
\BOOKMARK [2][-]{subsection.10.6}{\376\377\000S\000a\000f\000e\000t\000y\000\040\000C\000o\000n\000s\000i\000d\000e\000r\000a\000t\000i\000o\000n\000s}{section.10}% 78
\BOOKMARK [3][-]{subsubsection.10.6.1}{\376\377\000D\000e\000v\000i\000c\000e\000\040\000O\000v\000e\000r\000h\000e\000a\000t\000i\000n\000g}{subsection.10.6}% 79
\BOOKMARK [3][-]{subsubsection.10.6.2}{\376\377\000W\000a\000t\000e\000r\000\040\000V\000a\000l\000v\000e\000\040\000R\000e\000l\000i\000a\000b\000i\000l\000i\000t\000y}{subsection.10.6}% 80
\BOOKMARK [1][-]{section.11}{\376\377\000D\000e\000v\000i\000c\000e\000\040\000a\000n\000d\000\040\000C\000o\000m\000p\000o\000n\000e\000n\000t\000\040\000I\000n\000t\000e\000g\000r\000a\000t\000i\000o\000n}{}% 81
\BOOKMARK [2][-]{subsection.11.1}{\376\377\000I\000n\000p\000u\000t\000\040\000D\000e\000v\000i\000c\000e\000s\000\040\000\050\000S\000e\000n\000s\000o\000r\000s\000\051}{section.11}% 82
\BOOKMARK [3][-]{subsubsection.11.1.1}{\376\377\000M\000o\000t\000i\000o\000n\000\040\000S\000e\000n\000s\000o\000r\000\040\000\050\000P\000I\000R\000\051}{subsection.11.1}% 83
\BOOKMARK [3][-]{subsubsection.11.1.2}{\376\377\000A\000i\000r\000\040\000Q\000u\000a\000l\000i\000t\000y\000\040\000S\000e\000n\000s\000o\000r\000\040\000\050\000I\000A\000Q\000\051}{subsection.11.1}% 84
\BOOKMARK [3][-]{subsubsection.11.1.3}{\376\377\000W\000a\000t\000e\000r\000\040\000F\000l\000o\000w\000\040\000S\000e\000n\000s\000o\000r}{subsection.11.1}% 85
\BOOKMARK [2][-]{subsection.11.2}{\376\377\000O\000u\000t\000p\000u\000t\000\040\000D\000e\000v\000i\000c\000e\000s\000\040\000\050\000A\000c\000t\000u\000a\000t\000o\000r\000s\000\051}{section.11}% 86
\BOOKMARK [3][-]{subsubsection.11.2.1}{\376\377\000S\000m\000a\000r\000t\000\040\000L\000i\000g\000h\000t\000s}{subsection.11.2}% 87
\BOOKMARK [3][-]{subsubsection.11.2.2}{\376\377\000F\000a\000n\000s\000\040\000\050\000A\000C\000\040\000S\000i\000m\000u\000l\000a\000t\000i\000o\000n\000\051}{subsection.11.2}% 88
\BOOKMARK [3][-]{subsubsection.11.2.3}{\376\377\000S\000o\000l\000e\000n\000o\000i\000d\000\040\000V\000a\000l\000v\000e}{subsection.11.2}% 89
\BOOKMARK [3][-]{subsubsection.11.2.4}{\376\377\000S\000m\000a\000r\000t\000\040\000W\000i\000n\000d\000o\000w}{subsection.11.2}% 90
\BOOKMARK [3][-]{subsubsection.11.2.5}{\376\377\000H\000u\000m\000i\000d\000i\000f\000i\000e\000r}{subsection.11.2}% 91
\BOOKMARK [3][-]{subsubsection.11.2.6}{\376\377\000S\000t\000r\000e\000e\000t\000\040\000L\000a\000m\000p}{subsection.11.2}% 92
\BOOKMARK [2][-]{subsection.11.3}{\376\377\000P\000r\000o\000c\000e\000s\000s\000i\000n\000g\000\040\000U\000n\000i\000t}{section.11}% 93
\BOOKMARK [2][-]{subsection.11.4}{\376\377\000C\000o\000m\000m\000u\000n\000i\000c\000a\000t\000i\000o\000n\000\040\000L\000a\000y\000e\000r}{section.11}% 94
\BOOKMARK [2][-]{subsection.11.5}{\376\377\000I\000n\000t\000e\000g\000r\000a\000t\000i\000o\000n\000\040\000W\000o\000r\000k\000f\000l\000o\000w}{section.11}% 95
\BOOKMARK [2][-]{subsection.11.6}{\376\377\000S\000y\000s\000t\000e\000m\000\040\000D\000i\000a\000g\000r\000a\000m}{section.11}% 96
\BOOKMARK [1][-]{section.12}{\376\377\000A\000p\000p\000l\000i\000c\000a\000t\000i\000o\000n\000\040\000D\000e\000v\000e\000l\000o\000p\000m\000e\000n\000t}{}% 97
\BOOKMARK [2][-]{subsection.12.1}{\376\377\000A\000p\000p\000l\000i\000c\000a\000t\000i\000o\000n\000\040\000O\000v\000e\000r\000v\000i\000e\000w\000\040\000a\000n\000d\000\040\000P\000l\000a\000t\000f\000o\000r\000m}{section.12}% 98
\BOOKMARK [2][-]{subsection.12.2}{\376\377\000U\000s\000e\000r\000\040\000R\000o\000l\000e}{section.12}% 99
\BOOKMARK [2][-]{subsection.12.3}{\376\377\000C\000o\000r\000e\000\040\000F\000e\000a\000t\000u\000r\000e\000s}{section.12}% 100
\BOOKMARK [2][-]{subsection.12.4}{\376\377\000U\000s\000e\000r\000\040\000I\000n\000t\000e\000r\000f\000a\000c\000e\000\040\000D\000e\000s\000i\000g\000n}{section.12}% 101
\BOOKMARK [2][-]{subsection.12.5}{\376\377\000S\000y\000s\000t\000e\000m\000\040\000I\000n\000t\000e\000g\000r\000a\000t\000i\000o\000n\000\040\000w\000i\000t\000h\000\040\000t\000h\000e\000\040\000D\000a\000s\000h\000b\000o\000a\000r\000d}{section.12}% 102
\BOOKMARK [1][-]{subsection.12.5}{\376\377\000L\000i\000s\000t\000\040\000o\000f\000\040\000F\000i\000g\000u\000r\000e\000s}{}% 103
\BOOKMARK [1][-]{subsection.12.5}{\376\377\000R\000e\000f\000e\000r\000e\000n\000c\000e\000s}{}% 104
