This is pdfTeX, Version 3.141592653-2.6-1.40.22 (TeX Live 2022/dev/Debian) (preloaded format=pdflatex 2026.5.7)  7 MAY 2026 23:09
entering extended mode
 restricted \write18 enabled.
 %&-line parsing enabled.
**../main.tex
(../main.tex
LaTeX2e <2021-11-15> patch level 1
L3 programming layer <2022-01-21>
(/usr/share/texlive/texmf-dist/tex/latex/base/article.cls
Document Class: article 2021/10/04 v1.4n Standard LaTeX document class
(/usr/share/texlive/texmf-dist/tex/latex/base/size12.clo
File: size12.clo 2021/10/04 v1.4n Standard LaTeX file (size option)
)
\c@part=\count185
\c@section=\count186
\c@subsection=\count187
\c@subsubsection=\count188
\c@paragraph=\count189
\c@subparagraph=\count190
\c@figure=\count191
\c@table=\count192
\abovecaptionskip=\skip47
\belowcaptionskip=\skip48
\bibindent=\dimen138
)
(/usr/share/texlive/texmf-dist/tex/latex/geometry/geometry.sty
Package: geometry 2020/01/02 v5.9 Page Geometry

(/usr/share/texlive/texmf-dist/tex/latex/graphics/keyval.sty
Package: keyval 2014/10/28 v1.15 key=value parser (DPC)
\KV@toks@=\toks16
)
(/usr/share/texlive/texmf-dist/tex/generic/iftex/ifvtex.sty
Package: ifvtex 2019/10/25 v1.7 ifvtex legacy package. Use iftex instead.

(/usr/share/texlive/texmf-dist/tex/generic/iftex/iftex.sty
Package: iftex 2020/03/06 v1.0d TeX engine tests
))
\Gm@cnth=\count193
\Gm@cntv=\count194
\c@Gm@tempcnt=\count195
\Gm@bindingoffset=\dimen139
\Gm@wd@mp=\dimen140
\Gm@odd@mp=\dimen141
\Gm@even@mp=\dimen142
\Gm@layoutwidth=\dimen143
\Gm@layoutheight=\dimen144
\Gm@layouthoffset=\dimen145
\Gm@layoutvoffset=\dimen146
\Gm@dimlist=\toks17
)
(/usr/share/texlive/texmf-dist/tex/latex/base/fontenc.sty
Package: fontenc 2021/04/29 v2.0v Standard LaTeX package
)
(/usr/share/texlive/texmf-dist/tex/latex/base/inputenc.sty
Package: inputenc 2021/02/14 v1.3d Input encoding file
\inpenc@prehook=\toks18
\inpenc@posthook=\toks19
)
(/usr/share/texmf/tex/latex/lm/lmodern.sty
Package: lmodern 2009/10/30 v1.6 Latin Modern Fonts
LaTeX Font Info:    Overwriting symbol font `operators' in version `normal'
(Font)                  OT1/cmr/m/n --> OT1/lmr/m/n on input line 22.
LaTeX Font Info:    Overwriting symbol font `letters' in version `normal'
(Font)                  OML/cmm/m/it --> OML/lmm/m/it on input line 23.
LaTeX Font Info:    Overwriting symbol font `symbols' in version `normal'
(Font)                  OMS/cmsy/m/n --> OMS/lmsy/m/n on input line 24.
LaTeX Font Info:    Overwriting symbol font `largesymbols' in version `normal'
(Font)                  OMX/cmex/m/n --> OMX/lmex/m/n on input line 25.
LaTeX Font Info:    Overwriting symbol font `operators' in version `bold'
(Font)                  OT1/cmr/bx/n --> OT1/lmr/bx/n on input line 26.
LaTeX Font Info:    Overwriting symbol font `letters' in version `bold'
(Font)                  OML/cmm/b/it --> OML/lmm/b/it on input line 27.
LaTeX Font Info:    Overwriting symbol font `symbols' in version `bold'
(Font)                  OMS/cmsy/b/n --> OMS/lmsy/b/n on input line 28.
LaTeX Font Info:    Overwriting symbol font `largesymbols' in version `bold'
(Font)                  OMX/cmex/m/n --> OMX/lmex/m/n on input line 29.
LaTeX Font Info:    Overwriting math alphabet `\mathbf' in version `normal'
(Font)                  OT1/cmr/bx/n --> OT1/lmr/bx/n on input line 31.
LaTeX Font Info:    Overwriting math alphabet `\mathsf' in version `normal'
(Font)                  OT1/cmss/m/n --> OT1/lmss/m/n on input line 32.
LaTeX Font Info:    Overwriting math alphabet `\mathit' in version `normal'
(Font)                  OT1/cmr/m/it --> OT1/lmr/m/it on input line 33.
LaTeX Font Info:    Overwriting math alphabet `\mathtt' in version `normal'
(Font)                  OT1/cmtt/m/n --> OT1/lmtt/m/n on input line 34.
LaTeX Font Info:    Overwriting math alphabet `\mathbf' in version `bold'
(Font)                  OT1/cmr/bx/n --> OT1/lmr/bx/n on input line 35.
LaTeX Font Info:    Overwriting math alphabet `\mathsf' in version `bold'
(Font)                  OT1/cmss/bx/n --> OT1/lmss/bx/n on input line 36.
LaTeX Font Info:    Overwriting math alphabet `\mathit' in version `bold'
(Font)                  OT1/cmr/bx/it --> OT1/lmr/bx/it on input line 37.
LaTeX Font Info:    Overwriting math alphabet `\mathtt' in version `bold'
(Font)                  OT1/cmtt/m/n --> OT1/lmtt/m/n on input line 38.
)
(/usr/share/texlive/texmf-dist/tex/latex/setspace/setspace.sty
Package: setspace 2011/12/19 v6.7a set line spacing
)
(/usr/share/texlive/texmf-dist/tex/latex/titlesec/titlesec.sty
Package: titlesec 2021/07/05 v2.14 Sectioning titles
\ttl@box=\box50
\beforetitleunit=\skip49
\aftertitleunit=\skip50
\ttl@plus=\dimen147
\ttl@minus=\dimen148
\ttl@toksa=\toks20
\titlewidth=\dimen149
\titlewidthlast=\dimen150
\titlewidthfirst=\dimen151
)
(/usr/share/texlive/texmf-dist/tex/latex/titling/titling.sty
Package: titling 2009/09/04 v2.1d maketitle typesetting
\thanksmarkwidth=\skip51
\thanksmargin=\skip52
\droptitle=\skip53
)
(/usr/share/texlive/texmf-dist/tex/latex/fancyhdr/fancyhdr.sty
Package: fancyhdr 2021/01/28 v4.0.1 Extensive control of page headers and foote
rs
\f@nch@headwidth=\skip54
\f@nch@O@elh=\skip55
\f@nch@O@erh=\skip56
\f@nch@O@olh=\skip57
\f@nch@O@orh=\skip58
\f@nch@O@elf=\skip59
\f@nch@O@erf=\skip60
\f@nch@O@olf=\skip61
\f@nch@O@orf=\skip62
)
(/usr/share/texlive/texmf-dist/tex/latex/booktabs/booktabs.sty
Package: booktabs 2020/01/12 v1.61803398 Publication quality tables
\heavyrulewidth=\dimen152
\lightrulewidth=\dimen153
\cmidrulewidth=\dimen154
\belowrulesep=\dimen155
\belowbottomsep=\dimen156
\aboverulesep=\dimen157
\abovetopsep=\dimen158
\cmidrulesep=\dimen159
\cmidrulekern=\dimen160
\defaultaddspace=\dimen161
\@cmidla=\count196
\@cmidlb=\count197
\@aboverulesep=\dimen162
\@belowrulesep=\dimen163
\@thisruleclass=\count198
\@lastruleclass=\count199
\@thisrulewidth=\dimen164
)
(/usr/share/texlive/texmf-dist/tex/latex/tools/array.sty
Package: array 2021/10/04 v2.5f Tabular extension package (FMi)
\col@sep=\dimen165
\ar@mcellbox=\box51
\extrarowheight=\dimen166
\NC@list=\toks21
\extratabsurround=\skip63
\backup@length=\skip64
\ar@cellbox=\box52
)
(/usr/share/texlive/texmf-dist/tex/latex/tools/tabularx.sty
Package: tabularx 2020/01/15 v2.11c `tabularx' package (DPC)
\TX@col@width=\dimen167
\TX@old@table=\dimen168
\TX@old@col=\dimen169
\TX@target=\dimen170
\TX@delta=\dimen171
\TX@cols=\count266
\TX@ftn=\toks22
)
(/usr/share/texlive/texmf-dist/tex/latex/hyperref/hyperref.sty
Package: hyperref 2021-06-07 v7.00m Hypertext links for LaTeX

(/usr/share/texlive/texmf-dist/tex/generic/ltxcmds/ltxcmds.sty
Package: ltxcmds 2020-05-10 v1.25 LaTeX kernel commands for general use (HO)
)
(/usr/share/texlive/texmf-dist/tex/generic/pdftexcmds/pdftexcmds.sty
Package: pdftexcmds 2020-06-27 v0.33 Utility functions of pdfTeX for LuaTeX (HO
)

(/usr/share/texlive/texmf-dist/tex/generic/infwarerr/infwarerr.sty
Package: infwarerr 2019/12/03 v1.5 Providing info/warning/error messages (HO)
)
Package pdftexcmds Info: \pdf@primitive is available.
Package pdftexcmds Info: \pdf@ifprimitive is available.
Package pdftexcmds Info: \pdfdraftmode found.
)
(/usr/share/texlive/texmf-dist/tex/generic/kvsetkeys/kvsetkeys.sty
Package: kvsetkeys 2019/12/15 v1.18 Key value parser (HO)
)
(/usr/share/texlive/texmf-dist/tex/generic/kvdefinekeys/kvdefinekeys.sty
Package: kvdefinekeys 2019-12-19 v1.6 Define keys (HO)
)
(/usr/share/texlive/texmf-dist/tex/generic/pdfescape/pdfescape.sty
Package: pdfescape 2019/12/09 v1.15 Implements pdfTeX's escape features (HO)
)
(/usr/share/texlive/texmf-dist/tex/latex/hycolor/hycolor.sty
Package: hycolor 2020-01-27 v1.10 Color options for hyperref/bookmark (HO)
)
(/usr/share/texlive/texmf-dist/tex/latex/letltxmacro/letltxmacro.sty
Package: letltxmacro 2019/12/03 v1.6 Let assignment for LaTeX macros (HO)
)
(/usr/share/texlive/texmf-dist/tex/latex/auxhook/auxhook.sty
Package: auxhook 2019-12-17 v1.6 Hooks for auxiliary files (HO)
)
(/usr/share/texlive/texmf-dist/tex/latex/kvoptions/kvoptions.sty
Package: kvoptions 2020-10-07 v3.14 Key value format for package options (HO)
)
\@linkdim=\dimen172
\Hy@linkcounter=\count267
\Hy@pagecounter=\count268

(/usr/share/texlive/texmf-dist/tex/latex/hyperref/pd1enc.def
File: pd1enc.def 2021-06-07 v7.00m Hyperref: PDFDocEncoding definition (HO)
Now handling font encoding PD1 ...
... no UTF-8 mapping file for font encoding PD1
)
(/usr/share/texlive/texmf-dist/tex/latex/hyperref/hyperref-langpatches.def
File: hyperref-langpatches.def 2021-06-07 v7.00m Hyperref: patches for babel la
nguages
)
(/usr/share/texlive/texmf-dist/tex/generic/intcalc/intcalc.sty
Package: intcalc 2019/12/15 v1.3 Expandable calculations with integers (HO)
)
(/usr/share/texlive/texmf-dist/tex/generic/etexcmds/etexcmds.sty
Package: etexcmds 2019/12/15 v1.7 Avoid name clashes with e-TeX commands (HO)
)
\Hy@SavedSpaceFactor=\count269

(/usr/share/texlive/texmf-dist/tex/latex/hyperref/puenc.def
File: puenc.def 2021-06-07 v7.00m Hyperref: PDF Unicode definition (HO)
Now handling font encoding PU ...
... no UTF-8 mapping file for font encoding PU
)
Package hyperref Info: Hyper figures OFF on input line 4192.
Package hyperref Info: Link nesting OFF on input line 4197.
Package hyperref Info: Hyper index ON on input line 4200.
Package hyperref Info: Plain pages OFF on input line 4207.
Package hyperref Info: Backreferencing OFF on input line 4212.
Package hyperref Info: Implicit mode ON; LaTeX internals redefined.
Package hyperref Info: Bookmarks ON on input line 4445.
\c@Hy@tempcnt=\count270

(/usr/share/texlive/texmf-dist/tex/latex/url/url.sty
\Urlmuskip=\muskip16
Package: url 2013/09/16  ver 3.4  Verb mode for urls, etc.
)
LaTeX Info: Redefining \url on input line 4804.
\XeTeXLinkMargin=\dimen173

(/usr/share/texlive/texmf-dist/tex/generic/bitset/bitset.sty
Package: bitset 2019/12/09 v1.3 Handle bit-vector datatype (HO)

(/usr/share/texlive/texmf-dist/tex/generic/bigintcalc/bigintcalc.sty
Package: bigintcalc 2019/12/15 v1.5 Expandable calculations on big integers (HO
)
))
\Fld@menulength=\count271
\Field@Width=\dimen174
\Fld@charsize=\dimen175
Package hyperref Info: Hyper figures OFF on input line 6076.
Package hyperref Info: Link nesting OFF on input line 6081.
Package hyperref Info: Hyper index ON on input line 6084.
Package hyperref Info: backreferencing OFF on input line 6091.
Package hyperref Info: Link coloring OFF on input line 6096.
Package hyperref Info: Link coloring with OCG OFF on input line 6101.
Package hyperref Info: PDF/A mode OFF on input line 6106.
LaTeX Info: Redefining \ref on input line 6146.
LaTeX Info: Redefining \pageref on input line 6150.

(/usr/share/texlive/texmf-dist/tex/latex/base/atbegshi-ltx.sty
Package: atbegshi-ltx 2021/01/10 v1.0c Emulation of the original atbegshi
package with kernel methods
)
\Hy@abspage=\count272
\c@Item=\count273
\c@Hfootnote=\count274
)
Package hyperref Info: Driver (autodetected): hpdftex.

(/usr/share/texlive/texmf-dist/tex/latex/hyperref/hpdftex.def
File: hpdftex.def 2021-06-07 v7.00m Hyperref driver for pdfTeX

(/usr/share/texlive/texmf-dist/tex/latex/base/atveryend-ltx.sty
Package: atveryend-ltx 2020/08/19 v1.0a Emulation of the original atveryend pac
kage
with kernel methods
)
\Fld@listcount=\count275
\c@bookmark@seq@number=\count276

(/usr/share/texlive/texmf-dist/tex/latex/rerunfilecheck/rerunfilecheck.sty
Package: rerunfilecheck 2019/12/05 v1.9 Rerun checks for auxiliary files (HO)

(/usr/share/texlive/texmf-dist/tex/generic/uniquecounter/uniquecounter.sty
Package: uniquecounter 2019/12/15 v1.4 Provide unlimited unique counter (HO)
)
Package uniquecounter Info: New unique counter `rerunfilecheck' on input line 2
86.
)
\Hy@SectionHShift=\skip65
)
(/usr/share/texlive/texmf-dist/tex/latex/enumitem/enumitem.sty
Package: enumitem 2019/06/20 v3.9 Customized lists
\labelindent=\skip66
\enit@outerparindent=\dimen176
\enit@toks=\toks23
\enit@inbox=\box53
\enit@count@id=\count277
\enitdp@description=\count278
)
(/usr/share/texlive/texmf-dist/tex/latex/microtype/microtype.sty
Package: microtype 2021/12/10 v3.0b Micro-typographical refinements (RS)

(/usr/share/texlive/texmf-dist/tex/latex/etoolbox/etoolbox.sty
Package: etoolbox 2020/10/05 v2.5k e-TeX tools for LaTeX (JAW)
\etb@tempcnta=\count279
)
\MT@toks=\toks24
\MT@count=\count280
\MT@tempbox=\box54
LaTeX Info: Redefining \leftprotrusion on input line 1010.
LaTeX Info: Redefining \rightprotrusion on input line 1018.
LaTeX Info: Redefining \textls on input line 1173.
\MT@outer@kern=\dimen177
LaTeX Info: Redefining \textmicrotypecontext on input line 1759.
\MT@listname@count=\count281

(/usr/share/texlive/texmf-dist/tex/latex/microtype/microtype-pdftex.def
File: microtype-pdftex.def 2021/12/10 v3.0b Definitions specific to pdftex (RS)

LaTeX Info: Redefining \lsstyle on input line 897.
LaTeX Info: Redefining \lslig on input line 897.
\MT@outer@space=\skip67
)
Package microtype Info: Loading configuration file microtype.cfg.

(/usr/share/texlive/texmf-dist/tex/latex/microtype/microtype.cfg
File: microtype.cfg 2021/12/10 v3.0b microtype main configuration file (RS)
))
(/usr/share/texlive/texmf-dist/tex/latex/parskip/parskip.sty
Package: parskip 2021-03-14 v2.0h non-zero parskip adjustments
)
(/usr/share/texlive/texmf-dist/tex/latex/graphics/graphicx.sty
Package: graphicx 2021/09/16 v1.2d Enhanced LaTeX Graphics (DPC,SPQR)

(/usr/share/texlive/texmf-dist/tex/latex/graphics/graphics.sty
Package: graphics 2021/03/04 v1.4d Standard LaTeX Graphics (DPC,SPQR)

(/usr/share/texlive/texmf-dist/tex/latex/graphics/trig.sty
Package: trig 2021/08/11 v1.11 sin cos tan (DPC)
)
(/usr/share/texlive/texmf-dist/tex/latex/graphics-cfg/graphics.cfg
File: graphics.cfg 2016/06/04 v1.11 sample graphics configuration
)
Package graphics Info: Driver file: pdftex.def on input line 107.

(/usr/share/texlive/texmf-dist/tex/latex/graphics-def/pdftex.def
File: pdftex.def 2020/10/05 v1.2a Graphics/color driver for pdftex
))
\Gin@req@height=\dimen178
\Gin@req@width=\dimen179
)
(/usr/share/texlive/texmf-dist/tex/latex/xcolor/xcolor.sty
Package: xcolor 2021/10/31 v2.13 LaTeX color extensions (UK)

(/usr/share/texlive/texmf-dist/tex/latex/graphics-cfg/color.cfg
File: color.cfg 2016/01/02 v1.6 sample color configuration
)
Package xcolor Info: Driver file: pdftex.def on input line 227.
Package xcolor Info: Model `cmy' substituted by `cmy0' on input line 1352.
Package xcolor Info: Model `hsb' substituted by `rgb' on input line 1356.
Package xcolor Info: Model `RGB' extended on input line 1368.
Package xcolor Info: Model `HTML' substituted by `rgb' on input line 1370.
Package xcolor Info: Model `Hsb' substituted by `hsb' on input line 1371.
Package xcolor Info: Model `tHsb' substituted by `hsb' on input line 1372.
Package xcolor Info: Model `HSB' substituted by `hsb' on input line 1373.
Package xcolor Info: Model `Gray' substituted by `gray' on input line 1374.
Package xcolor Info: Model `wave' substituted by `hsb' on input line 1375.

(/usr/share/texlive/texmf-dist/tex/latex/xcolor/svgnam.def
File: svgnam.def 2021/10/31 v2.13 Predefined colors according to SVG 1.1 (UK)
))
(/usr/share/texlive/texmf-dist/tex/latex/multirow/multirow.sty
Package: multirow 2021/03/15 v2.8 Span multiple rows of a table
\multirow@colwidth=\skip68
\multirow@cntb=\count282
\multirow@dima=\skip69
\bigstrutjot=\dimen180
)
(/usr/share/texlive/texmf-dist/tex/latex/float/float.sty
Package: float 2001/11/08 v1.3d Float enhancements (AL)
\c@float@type=\count283
\float@exts=\toks25
\float@box=\box55
\@float@everytoks=\toks26
\@floatcapt=\box56
)
Package hyperref Info: Option `breaklinks' set `true' on input line 33.
LaTeX Font Info:    Trying to load font information for T1+lmr on input line 75
.

(/usr/share/texmf/tex/latex/lm/t1lmr.fd
File: t1lmr.fd 2009/10/30 v1.6 Font defs for Latin Modern
)
(/usr/share/texlive/texmf-dist/tex/latex/l3backend/l3backend-pdftex.def
File: l3backend-pdftex.def 2022-01-12 L3 backend support: PDF output (pdfTeX)
\l__color_backend_stack_int=\count284
\l__pdf_internal_box=\box57
)
(./main.aux)
\openout1 = `main.aux'.

LaTeX Font Info:    Checking defaults for OML/cmm/m/it on input line 75.
LaTeX Font Info:    ... okay on input line 75.
LaTeX Font Info:    Checking defaults for OMS/cmsy/m/n on input line 75.
LaTeX Font Info:    ... okay on input line 75.
LaTeX Font Info:    Checking defaults for OT1/cmr/m/n on input line 75.
LaTeX Font Info:    ... okay on input line 75.
LaTeX Font Info:    Checking defaults for T1/cmr/m/n on input line 75.
LaTeX Font Info:    ... okay on input line 75.
LaTeX Font Info:    Checking defaults for TS1/cmr/m/n on input line 75.
LaTeX Font Info:    ... okay on input line 75.
LaTeX Font Info:    Checking defaults for OMX/cmex/m/n on input line 75.
LaTeX Font Info:    ... okay on input line 75.
LaTeX Font Info:    Checking defaults for U/cmr/m/n on input line 75.
LaTeX Font Info:    ... okay on input line 75.
LaTeX Font Info:    Checking defaults for PD1/pdf/m/n on input line 75.
LaTeX Font Info:    ... okay on input line 75.
LaTeX Font Info:    Checking defaults for PU/pdf/m/n on input line 75.
LaTeX Font Info:    ... okay on input line 75.

*geometry* driver: auto-detecting
*geometry* detected driver: pdftex
*geometry* verbose mode - [ preamble ] result:
* driver: pdftex
* paper: a4paper
* layout: <same size as paper>
* layoutoffset:(h,v)=(0.0pt,0.0pt)
* modes: 
* h-part:(L,W,R)=(42.67912pt, 512.14963pt, 42.67912pt)
* v-part:(T,H,B)=(42.67912pt, 759.6886pt, 42.67912pt)
* \paperwidth=597.50787pt
* \paperheight=845.04684pt
* \textwidth=512.14963pt
* \textheight=759.6886pt
* \oddsidemargin=-29.59087pt
* \evensidemargin=-29.59087pt
* \topmargin=-66.59087pt
* \headheight=13.6pt
* \headsep=25.0pt
* \topskip=12.0pt
* \footskip=30.0pt
* \marginparwidth=35.0pt
* \marginparsep=10.0pt
* \columnsep=10.0pt
* \skip\footins=10.8pt plus 4.0pt minus 2.0pt
* \hoffset=0.0pt
* \voffset=0.0pt
* \mag=1000
* \@twocolumnfalse
* \@twosidefalse
* \@mparswitchfalse
* \@reversemarginfalse
* (1in=72.27pt=25.4mm, 1cm=28.453pt)

Package hyperref Info: Link coloring OFF on input line 75.
(/usr/share/texlive/texmf-dist/tex/latex/hyperref/nameref.sty
Package: nameref 2021-04-02 v2.47 Cross-referencing by name of section

(/usr/share/texlive/texmf-dist/tex/latex/refcount/refcount.sty
Package: refcount 2019/12/15 v3.6 Data extraction from label references (HO)
)
(/usr/share/texlive/texmf-dist/tex/generic/gettitlestring/gettitlestring.sty
Package: gettitlestring 2019/12/15 v1.6 Cleanup title references (HO)
)
\c@section@level=\count285
)
LaTeX Info: Redefining \ref on input line 75.
LaTeX Info: Redefining \pageref on input line 75.
LaTeX Info: Redefining \nameref on input line 75.

(./main.out) (./main.out)
\@outlinefile=\write3
\openout3 = `main.out'.

LaTeX Info: Redefining \microtypecontext on input line 75.
Package microtype Info: Applying patch `item' on input line 75.
Package microtype Info: Applying patch `toc' on input line 75.
Package microtype Info: Applying patch `eqnum' on input line 75.
Package microtype Info: Applying patch `footnote' on input line 75.
Package microtype Info: Generating PDF output.
Package microtype Info: Character protrusion enabled (level 2).
Package microtype Info: Using default protrusion set `alltext'.
Package microtype Info: Automatic font expansion enabled (level 2),
(microtype)             stretch: 20, shrink: 20, step: 1, non-selected.
Package microtype Info: Using default expansion set `alltext-nott'.
LaTeX Info: Redefining \showhyphens on input line 75.
Package microtype Info: No adjustment of tracking.
Package microtype Info: No adjustment of interword spacing.
Package microtype Info: No adjustment of character kerning.

(/usr/share/texlive/texmf-dist/tex/latex/microtype/mt-cmr.cfg
File: mt-cmr.cfg 2013/05/19 v2.2 microtype config. file: Computer Modern Roman 
(RS)
)
(/usr/share/texlive/texmf-dist/tex/context/base/mkii/supp-pdf.mkii
[Loading MPS to PDF converter (version 2006.09.02).]
\scratchcounter=\count286
\scratchdimen=\dimen181
\scratchbox=\box58
\nofMPsegments=\count287
\nofMParguments=\count288
\everyMPshowfont=\toks27
\MPscratchCnt=\count289
\MPscratchDim=\dimen182
\MPnumerator=\count290
\makeMPintoPDFobject=\count291
\everyMPtoPDFconversion=\toks28
) (/usr/share/texlive/texmf-dist/tex/latex/epstopdf-pkg/epstopdf-base.sty
Package: epstopdf-base 2020-01-24 v2.11 Base part for package epstopdf
Package epstopdf-base Info: Redefining graphics rule for `.eps' on input line 4
85.

(/usr/share/texlive/texmf-dist/tex/latex/latexconfig/epstopdf-sys.cfg
File: epstopdf-sys.cfg 2010/07/13 v1.3 Configuration of (r)epstopdf for TeX Liv
e
))
<../../imgs//0-uni-logo.png, id=420, 356.33125pt x 356.33125pt>
File: ../../imgs//0-uni-logo.png Graphic file (type png)
<use ../../imgs//0-uni-logo.png>
Package pdftex.def Info: ../../imgs//0-uni-logo.png  used on input line 82.
(pdftex.def)             Requested size: 92.18318pt x 92.18178pt.
LaTeX Font Info:    Trying to load font information for OT1+lmr on input line 9
8.

(/usr/share/texmf/tex/latex/lm/ot1lmr.fd
File: ot1lmr.fd 2009/10/30 v1.6 Font defs for Latin Modern
)
LaTeX Font Info:    Trying to load font information for OML+lmm on input line 9
8.

(/usr/share/texmf/tex/latex/lm/omllmm.fd
File: omllmm.fd 2009/10/30 v1.6 Font defs for Latin Modern
)
LaTeX Font Info:    Trying to load font information for OMS+lmsy on input line 
98.

(/usr/share/texmf/tex/latex/lm/omslmsy.fd
File: omslmsy.fd 2009/10/30 v1.6 Font defs for Latin Modern
)
LaTeX Font Info:    Trying to load font information for OMX+lmex on input line 
98.

(/usr/share/texmf/tex/latex/lm/omxlmex.fd
File: omxlmex.fd 2009/10/30 v1.6 Font defs for Latin Modern
)
LaTeX Font Info:    External font `lmex10' loaded for size
(Font)              <12> on input line 98.
LaTeX Font Info:    External font `lmex10' loaded for size
(Font)              <8> on input line 98.
LaTeX Font Info:    External font `lmex10' loaded for size
(Font)              <6> on input line 98.
 [1

{/var/lib/texmf/fonts/map/pdftex/updmap/pdftex.map} <../../imgs//0-uni-logo.png
>] (./main.tocpdfTeX warning (ext4): destination with the same identifier (name
{page.1}) has been already used, duplicate ignored
<to be read again> 
                   \relax 
l.46 ...Edge Processing Layer}{26}{subsection.8.3}
                                                  % [1] [2])
\tf@toc=\write4
\openout4 = `main.toc'.

 [3]
(../sections//step1.tex
LaTeX Font Info:    Trying to load font information for TS1+lmr on input line 6
.
 (/usr/share/texmf/tex/latex/lm/ts1lmr.fd
File: ts1lmr.fd 2009/10/30 v1.6 Font defs for Latin Modern
) [4] [5])
(../sections//step2.tex [6] [7]
<../../imgs//2.3-integrated-system-flowchart.png, id=587, 1657.19125pt x 1248.6
65pt>
File: ../../imgs//2.3-integrated-system-flowchart.png Graphic file (type png)
<use ../../imgs//2.3-integrated-system-flowchart.png>
Package pdftex.def Info: ../../imgs//2.3-integrated-system-flowchart.png  used 
on input line 78.
(pdftex.def)             Requested size: 399.47607pt x 301.00038pt.
) (../sections//step3.tex [8pdfTeX warning (ext4): destination with the same id
entifier (name{figure.1}) has been already used, duplicate ignored
<argument> ...shipout:D \box_use:N \l_shipout_box 
                                                  \__shipout_drop_firstpage_...
l.2 \section{Domain Model Specification}
                                         <../../imgs//2.3-integrated-system-flo
wchart.png (PNG copy)>] [9] [10]
<../../imgs//3.4-uml-diagram.png, id=607, 2549.525pt x 1710.39pt>
File: ../../imgs//3.4-uml-diagram.png Graphic file (type png)
<use ../../imgs//3.4-uml-diagram.png>
Package pdftex.def Info: ../../imgs//3.4-uml-diagram.png  used on input line 11
1.
(pdftex.def)             Requested size: 389.2309pt x 261.11465pt.
 [11pdfTeX warning (ext4): destination with the same identifier (name{figure.2}
) has been already used, duplicate ignored
<argument> ...shipout:D \box_use:N \l_shipout_box 
                                                  \__shipout_drop_firstpage_...
l.122 \end{itemize}
                    <../../imgs//3.4-uml-diagram.png (PNG copy)>] [12] [13]
File: ../../imgs//3.4-uml-diagram.png Graphic file (type png)
<use ../../imgs//3.4-uml-diagram.png>
Package pdftex.def Info: ../../imgs//3.4-uml-diagram.png  used on input line 22
3.
(pdftex.def)             Requested size: 389.2309pt x 261.11465pt.
)
(../sections//step4.tex [14pdfTeX warning (ext4): destination with the same ide
ntifier (name{figure.3}) has been already used, duplicate ignored
<argument> ...shipout:D \box_use:N \l_shipout_box 
                                                  \__shipout_drop_firstpage_...
l.9   \item e
             ntry/exit events]
<../../imgs//4.2.1-main-flow.png, id=628, 1057.9525pt x 682.55pt>
File: ../../imgs//4.2.1-main-flow.png Graphic file (type png)
<use ../../imgs//4.2.1-main-flow.png>
Package pdftex.def Info: ../../imgs//4.2.1-main-flow.png  used on input line 59
.
(pdftex.def)             Requested size: 419.96643pt x 270.94261pt.
 [15]
<../../imgs//4.2.1-main-flow-legend.png, id=633, 935.495pt x 78.2925pt>
File: ../../imgs//4.2.1-main-flow-legend.png Graphic file (type png)
<use ../../imgs//4.2.1-main-flow-legend.png>
Package pdftex.def Info: ../../imgs//4.2.1-main-flow-legend.png  used on input 
line 65.
(pdftex.def)             Requested size: 384.11221pt x 32.14671pt.
<../../imgs//4.2.2-control-flow.png, id=634, 1329.96875pt x 419.5675pt>
File: ../../imgs//4.2.2-control-flow.png Graphic file (type png)
<use ../../imgs//4.2.2-control-flow.png>
Package pdftex.def Info: ../../imgs//4.2.2-control-flow.png  used on input line
 74.
(pdftex.def)             Requested size: 419.96643pt x 132.48456pt.
) (../sections//step5.tex [16pdfTeX warning (ext4): destination with the same i
dentifier (name{figure.4}) has been already used, duplicate ignored
<argument> ...shipout:D \box_use:N \l_shipout_box 
                                                  \__shipout_drop_firstpage_...
l.7 \subsection{Service List}
                             pdfTeX warning (ext4): destination with the same i
dentifier (name{figure.5}) has been already used, duplicate ignored
<argument> ...shipout:D \box_use:N \l_shipout_box 
                                                  \__shipout_drop_firstpage_...
l.7 \subsection{Service List}
                             pdfTeX warning (ext4): destination with the same i
dentifier (name{figure.6}) has been already used, duplicate ignored
<argument> ...shipout:D \box_use:N \l_shipout_box 
                                                  \__shipout_drop_firstpage_...
l.7 \subsection{Service List}
                              <../../imgs//4.2.1-main-flow.png (PNG copy)> <../
../imgs//4.2.1-main-flow-legend.png (PNG copy)> <../../imgs//4.2.2-control-flow
.png (PNG copy)>]
Overfull \hbox (1.53113pt too wide) in paragraph at lines 12--12
[]|\T1/lmr/bx/n/12 (-20) Service 
 []

LaTeX Font Info:    Trying to load font information for T1+lmtt on input line 4
2.
(/usr/share/texmf/tex/latex/lm/t1lmtt.fd
File: t1lmtt.fd 2009/10/30 v1.6 Font defs for Latin Modern
)
Package microtype Info: Loading generic protrusion settings for font family
(microtype)             `lmtt' (encoding: T1).
(microtype)             For optimal results, create family-specific settings.
(microtype)             See the microtype manual for details.
 [17pdfTeX warning (ext4): destination with the same identifier (name{table.1})
 has been already used, duplicate ignored
<argument> ...shipout:D \box_use:N \l_shipout_box 
                                                  \__shipout_drop_firstpage_...
l.50   \item D
              ecision logic:]
<../../imgs//5.3-energy-control-service.png, id=648, 1180.41pt x 544.0325pt>
File: ../../imgs//5.3-energy-control-service.png Graphic file (type png)
<use ../../imgs//5.3-energy-control-service.png>
Package pdftex.def Info: ../../imgs//5.3-energy-control-service.png  used on in
put line 53.
(pdftex.def)             Requested size: 435.3303pt x 200.63307pt.
 [18pdfTeX warning (ext4): destination with the same identifier (name{figure.7}
) has been already used, duplicate ignored
<argument> ...shipout:D \box_use:N \l_shipout_box 
                                                  \__shipout_drop_firstpage_...
l.94 \end{itemize}
                  pdfTeX warning (ext4): destination with the same identifier (
name{table.2}) has been already used, duplicate ignored
<argument> ...shipout:D \box_use:N \l_shipout_box 
                                                  \__shipout_drop_firstpage_...
l.94 \end{itemize}
                   <../../imgs//5.3-energy-control-service.png (PNG copy)>]
[19]
Overfull \hbox (1.53113pt too wide) in paragraph at lines 141--141
[]|\T1/lmr/bx/n/12 (-20) Service 
 []


Overfull \hbox (101.12045pt too wide) in paragraph at lines 160--161
[]\T1/lmr/m/n/12 (-20) Interface: HTTP GET re-quest to a prayer time API (e.g.,
 al-ad-han.com/v1/timingsByCity?city=Cairo&country=Egypt)
 []

[20pdfTeX warning (ext4): destination with the same identifier (name{table.3}) 
has been already used, duplicate ignored
<argument> ...shipout:D \box_use:N \l_shipout_box 
                                                  \__shipout_drop_firstpage_...
l.174 \end{verbatim}
                    ] [21pdfTeX warning (ext4): destination with the same ident
ifier (name{table.4}) has been already used, duplicate ignored
<argument> ...shipout:D \box_use:N \l_shipout_box 
                                                  \__shipout_drop_firstpage_...
l.235   \item I
               nterface: Water flow sensor (pulse output) $\rightarrow$ ESP3...
] [22pdfTeX warning (ext4): destination with the same identifier (name{table.5}
) has been already used, duplicate ignored
<argument> ...shipout:D \box_use:N \l_shipout_box 
                                                  \__shipout_drop_firstpage_...
l.276 \end{itemize}
                   pdfTeX warning (ext4): destination with the same identifier 
(name{table.6}) has been already used, duplicate ignored
<argument> ...shipout:D \box_use:N \l_shipout_box 
                                                  \__shipout_drop_firstpage_...
l.276 \end{itemize}
                   pdfTeX warning (ext4): destination with the same identifier 
(name{table.7}) has been already used, duplicate ignored
<argument> ...shipout:D \box_use:N \l_shipout_box 
                                                  \__shipout_drop_firstpage_...
l.276 \end{itemize}
                   ] [23pdfTeX warning (ext4): destination with the same identi
fier (name{table.8}) has been already used, duplicate ignored
<argument> ...shipout:D \box_use:N \l_shipout_box 
                                                  \__shipout_drop_firstpage_...
l.338 \end{verbatim}
                    pdfTeX warning (ext4): destination with the same identifier
 (name{table.9}) has been already used, duplicate ignored
<argument> ...shipout:D \box_use:N \l_shipout_box 
                                                  \__shipout_drop_firstpage_...
l.338 \end{verbatim}
                    ]) (../sections//step6.tex [24pdfTeX warning (ext4): destin
ation with the same identifier (name{table.10}) has been already used, duplicat
e ignored
<argument> ...shipout:D \box_use:N \l_shipout_box 
                                                  \__shipout_drop_firstpage_...
l.7 \textbf{Sensors}
                    pdfTeX warning (ext4): destination with the same identifier
 (name{table.11}) has been already used, duplicate ignored
<argument> ...shipout:D \box_use:N \l_shipout_box 
                                                  \__shipout_drop_firstpage_...
l.7 \textbf{Sensors}
                    ] [25pdfTeX warning (ext4): destination with the same ident
ifier (name{table.12}) has been already used, duplicate ignored
<argument> ...shipout:D \box_use:N \l_shipout_box 
                                                  \__shipout_drop_firstpage_...
l.56 \textbf{Hardware:}
                        ESP32 microcontrollers per functional zone.pdfTeX warni
ng (ext4): destination with the same identifier (name{table.13}) has been alrea
dy used, duplicate ignored
<argument> ...shipout:D \box_use:N \l_shipout_box 
                                                  \__shipout_drop_firstpage_...
l.56 \textbf{Hardware:}
                        ESP32 microcontrollers per functional zone.]
<../../imgs//6.5-layers.png, id=697, 975.645pt x 655.44875pt>
File: ../../imgs//6.5-layers.png Graphic file (type png)
<use ../../imgs//6.5-layers.png>
Package pdftex.def Info: ../../imgs//6.5-layers.png  used on input line 97.
(pdftex.def)             Requested size: 435.3303pt x 292.45888pt.
)
(../sections//step7.tex [26pdfTeX warning (ext4): destination with the same ide
ntifier (name{table.14}) has been already used, duplicate ignored
<argument> ...shipout:D \box_use:N \l_shipout_box 
                                                  \__shipout_drop_firstpage_...
l.1 \section{Functional View Specification}
                                           ] [27pdfTeX warning (ext4): destinat
ion with the same identifier (name{figure.8}) has been already used, duplicate 
ignored
<argument> ...shipout:D \box_use:N \l_shipout_box 
                                                  \__shipout_drop_firstpage_...
l.37 \end{itemize}
                   <../../imgs//6.5-layers.png (PNG copy)>] [28pdfTeX warning (
ext4): destination with the same identifier (name{table.15}) has been already u
sed, duplicate ignored
<argument> ...shipout:D \box_use:N \l_shipout_box 
                                                  \__shipout_drop_firstpage_...
l.79 ...subsection*{Block 7 -- External API Block}
                                                  pdfTeX warning (ext4): destin
ation with the same identifier (name{table.16}) has been already used, duplicat
e ignored
<argument> ...shipout:D \box_use:N \l_shipout_box 
                                                  \__shipout_drop_firstpage_...
l.79 ...subsection*{Block 7 -- External API Block}
                                                  pdfTeX warning (ext4): destin
ation with the same identifier (name{table.17}) has been already used, duplicat
e ignored
<argument> ...shipout:D \box_use:N \l_shipout_box 
                                                  \__shipout_drop_firstpage_...
l.79 ...subsection*{Block 7 -- External API Block}
                                                  ]
<../../imgs//7.3-data-flow-diagram.png, id=716, 1258.7025pt x 701.62125pt>
File: ../../imgs//7.3-data-flow-diagram.png Graphic file (type png)
<use ../../imgs//7.3-data-flow-diagram.png>
Package pdftex.def Info: ../../imgs//7.3-data-flow-diagram.png  used on input l
ine 85.
(pdftex.def)             Requested size: 486.54057pt x 271.20094pt.
) (../sections//step8.tex
<../../imgs//8.1.1.jpg, id=717, 529.22719pt x 409.53pt>
File: ../../imgs//8.1.1.jpg Graphic file (type jpg)
<use ../../imgs//8.1.1.jpg>
Package pdftex.def Info: ../../imgs//8.1.1.jpg  used on input line 10.
(pdftex.def)             Requested size: 358.50317pt x 277.42064pt.

[29pdfTeX warning (ext4): destination with the same identifier (name{figure.9})
 has been already used, duplicate ignored
<argument> ...shipout:D \box_use:N \l_shipout_box 
                                                  \__shipout_drop_firstpage_...
l.23   \item A
              ir quality: every 1 minute (balanced responsiveness and stabil...
 <../../imgs//7.3-data-flow-diagram.png (PNG copy)>] [30pdfTeX warning (ext4): 
destination with the same identifier (name{figure.10}) has been already used, d
uplicate ignored
<argument> ...shipout:D \box_use:N \l_shipout_box 
                                                  \__shipout_drop_firstpage_...
l.42 
      <../../imgs//8.1.1.jpg>] [31] [32] [33]) (../sections//step9.tex
<../../imgs//9.1.1-pir.jpg, id=741, 296.60812pt x 219.06844pt>
File: ../../imgs//9.1.1-pir.jpg Graphic file (type jpg)
<use ../../imgs//9.1.1-pir.jpg>
Package pdftex.def Info: ../../imgs//9.1.1-pir.jpg  used on input line 13.
(pdftex.def)             Requested size: 195.8973pt x 144.68922pt.
<../../imgs//9.1.1-grid-eye-illusion.png, id=742, 777.90625pt x 330.23375pt>
File: ../../imgs//9.1.1-grid-eye-illusion.png Graphic file (type png)
<use ../../imgs//9.1.1-grid-eye-illusion.png>
Package pdftex.def Info: ../../imgs//9.1.1-grid-eye-illusion.png  used on input
 line 18.
(pdftex.def)             Requested size: 195.8973pt x 83.1629pt.
 [34pdfTeX warning (ext4): destination with the same identifier (name{figure.11
}) has been already used, duplicate ignored
<argument> ...shipout:D \box_use:N \l_shipout_box 
                                                  \__shipout_drop_firstpage_...
l.32 \end{itemize}
                   <../../imgs//9.1.1-pir.jpg> <../../imgs//9.1.1-grid-eye-illu
sion.png (PNG copy)>]
<../../imgs//9.1.1-infrared-detection.png, id=748, 774.895pt x 411.5375pt>
File: ../../imgs//9.1.1-infrared-detection.png Graphic file (type png)
<use ../../imgs//9.1.1-infrared-detection.png>
Package pdftex.def Info: ../../imgs//9.1.1-infrared-detection.png  used on inpu
t line 48.
(pdftex.def)             Requested size: 195.8973pt x 104.03328pt.
<../../imgs//9.1.1-sensor-structure.png, id=749, 788.9475pt x 281.05pt>
File: ../../imgs//9.1.1-sensor-structure.png Graphic file (type png)
<use ../../imgs//9.1.1-sensor-structure.png>
Package pdftex.def Info: ../../imgs//9.1.1-sensor-structure.png  used on input 
line 53.
(pdftex.def)             Requested size: 195.8973pt x 69.78201pt.
<../../imgs//9.1.1-motion-detection.jpg, id=750, 220.752pt x 169.8345pt>
File: ../../imgs//9.1.1-motion-detection.jpg Graphic file (type jpg)
<use ../../imgs//9.1.1-motion-detection.jpg>
Package pdftex.def Info: ../../imgs//9.1.1-motion-detection.jpg  used on input 
line 72.
(pdftex.def)             Requested size: 230.46576pt x 177.30785pt.
 [35pdfTeX warning (ext4): destination with the same identifier (name{figure.12
}) has been already used, duplicate ignored
<argument> ...shipout:D \box_use:N \l_shipout_box 
                                                  \__shipout_drop_firstpage_...
l.77 
     pdfTeX warning (ext4): destination with the same identifier (name{figure.1
3}) has been already used, duplicate ignored
<argument> ...shipout:D \box_use:N \l_shipout_box 
                                                  \__shipout_drop_firstpage_...
l.77 
      <../../imgs//9.1.1-infrared-detection.png (PNG copy)> <../../imgs//9.1.1-
sensor-structure.png (PNG copy)> <../../imgs//9.1.1-motion-detection.jpg>]
<../../imgs//9.1.2-air-quality-sensor.jpg, id=757, 222.07968pt x 223.58531pt>
File: ../../imgs//9.1.2-air-quality-sensor.jpg Graphic file (type jpg)
<use ../../imgs//9.1.2-air-quality-sensor.jpg>
Package pdftex.def Info: ../../imgs//9.1.2-air-quality-sensor.jpg  used on inpu
t line 86.
(pdftex.def)             Requested size: 230.46576pt x 232.02853pt.

[36pdfTeX warning (ext4): destination with the same identifier (name{figure.14}
) has been already used, duplicate ignored
<argument> ...shipout:D \box_use:N \l_shipout_box 
                                                  \__shipout_drop_firstpage_...
l.128 \end{enumerate}
                      <../../imgs//9.1.2-air-quality-sensor.jpg>]
<../../imgs//9.1.3-water-flow-sensor.jpg, id=768, 478.03593pt x 295.85532pt>
File: ../../imgs//9.1.3-water-flow-sensor.jpg Graphic file (type jpg)
<use ../../imgs//9.1.3-water-flow-sensor.jpg>
Package pdftex.def Info: ../../imgs//9.1.3-water-flow-sensor.jpg  used on input
 line 149.
(pdftex.def)             Requested size: 230.46576pt x 142.63191pt.
 [37pdfTeX warning (ext4): destination with the same identifier (name{table.18}
) has been already used, duplicate ignored
<argument> ...shipout:D \box_use:N \l_shipout_box 
                                                  \__shipout_drop_firstpage_...
l.159     \item W
                 hen water moves through the sensor, it rotates the rotor.]
[38pdfTeX warning (ext4): destination with the same identifier (name{figure.15}
) has been already used, duplicate ignored
<argument> ...shipout:D \box_use:N \l_shipout_box 
                                                  \__shipout_drop_firstpage_...
l.189 
       <../../imgs//9.1.3-water-flow-sensor.jpg>]
<../../imgs//9.2.3-parts-of-solenoid-valve.jpg, id=780, 331.2375pt x 219.06844p
t>
File: ../../imgs//9.2.3-parts-of-solenoid-valve.jpg Graphic file (type jpg)
<use ../../imgs//9.2.3-parts-of-solenoid-valve.jpg>
Package pdftex.def Info: ../../imgs//9.2.3-parts-of-solenoid-valve.jpg  used on
 input line 230.
(pdftex.def)             Requested size: 215.1019pt x 142.25908pt.
 [39] [40pdfTeX warning (ext4): destination with the same identifier (name{figu
re.16}) has been already used, duplicate ignored
<argument> ...shipout:D \box_use:N \l_shipout_box 
                                                  \__shipout_drop_firstpage_...
l.288 \subsection{Processing Unit}
                                   <../../imgs//9.2.3-parts-of-solenoid-valve.j
pg>]
<../../imgs//9.3-esp32.jpg, id=790, 734.745pt x 454.69875pt>
File: ../../imgs//9.3-esp32.jpg Graphic file (type jpg)
<use ../../imgs//9.3-esp32.jpg>
Package pdftex.def Info: ../../imgs//9.3-esp32.jpg  used on input line 302.
(pdftex.def)             Requested size: 230.46576pt x 142.6203pt.
 [41pdfTeX warning (ext4): destination with the same identifier (name{figure.17
}) has been already used, duplicate ignored
<argument> ...shipout:D \box_use:N \l_shipout_box 
                                                  \__shipout_drop_firstpage_...
l.332 
       <../../imgs//9.3-esp32.jpg>]
<../../imgs//9.6-system-diagram.png, id=797, 1505.625pt x 819.06pt>
File: ../../imgs//9.6-system-diagram.png Graphic file (type png)
<use ../../imgs//9.6-system-diagram.png>
Package pdftex.def Info: ../../imgs//9.6-system-diagram.png  used on input line
 348.
(pdftex.def)             Requested size: 430.20381pt x 234.03442pt.
) (../sections//step10.tex [42pdfTeX warning (ext4): destination with the same 
identifier (name{figure.18}) has been already used, duplicate ignored
<argument> ...shipout:D \box_use:N \l_shipout_box 
                                                  \__shipout_drop_firstpage_...
l.16 
      <../../imgs//9.6-system-diagram.png (PNG copy)>] [43]
<../../imgs//10.4-ui-design-3.png, id=813, 1926.19624pt x 691.58376pt>
File: ../../imgs//10.4-ui-design-3.png Graphic file (type png)
<use ../../imgs//10.4-ui-design-3.png>
Package pdftex.def Info: ../../imgs//10.4-ui-design-3.png  used on input line 7
9.
(pdftex.def)             Requested size: 435.3303pt x 156.2961pt.
<../../imgs//10.4-ui-design-1.png, id=814, 1923.185pt x 910.40125pt>
File: ../../imgs//10.4-ui-design-1.png Graphic file (type png)
<use ../../imgs//10.4-ui-design-1.png>
Package pdftex.def Info: ../../imgs//10.4-ui-design-1.png  used on input line 8
5.
(pdftex.def)             Requested size: 435.3303pt x 206.0678pt.
<../../imgs//10.4-ui-design-2.png, id=815, 1926.19624pt x 452.69125pt>
File: ../../imgs//10.4-ui-design-2.png Graphic file (type png)
<use ../../imgs//10.4-ui-design-2.png>
Package pdftex.def Info: ../../imgs//10.4-ui-design-2.png  used on input line 9
3.
(pdftex.def)             Requested size: 250.95612pt x 58.97626pt.
<../../imgs//10.4-ui-design-4.png, id=816, 1926.19624pt x 594.22pt>
File: ../../imgs//10.4-ui-design-4.png Graphic file (type png)
<use ../../imgs//10.4-ui-design-4.png>
Package pdftex.def Info: ../../imgs//10.4-ui-design-4.png  used on input line 9
8.
(pdftex.def)             Requested size: 250.95612pt x 77.4145pt.
 [44pdfTeX warning (ext4): destination with the same identifier (name{figure.19
}) has been already used, duplicate ignored
<argument> ...shipout:D \box_use:N \l_shipout_box 
                                                  \__shipout_drop_firstpage_...
l.109 T
       he integration workflow includes:pdfTeX warning (ext4): destination with
 the same identifier (name{figure.20}) has been already used, duplicate ignored

<argument> ...shipout:D \box_use:N \l_shipout_box 
                                                  \__shipout_drop_firstpage_...
l.109 T
       he integration workflow includes: <../../imgs//10.4-ui-design-3.png (PNG
 copy)> <../../imgs//10.4-ui-design-1.png (PNG copy)>]) [45pdfTeX warning (ext4
): destination with the same identifier (name{figure.21}) has been already used
, duplicate ignored
<argument> ...shipout:D \box_use:N \l_shipout_box 
                                                  \__shipout_drop_firstpage_...
l.139 \cleardoublepage
                       <../../imgs//10.4-ui-design-2.png (PNG copy)> <../../img
s//10.4-ui-design-4.png (PNG copy)>] (./main.lof)
\tf@lof=\write5
\openout5 = `main.lof'.

 [46

]
(../sections//resources.tex) [47] (./main.aux)
Package rerunfilecheck Info: File `main.out' has not changed.
(rerunfilecheck)             Checksum: B4C32C8A0FE440F960219135F21BF7E6;17160.
 ) 
Here is how much of TeX's memory you used:
 13729 strings out of 480247
 222817 string characters out of 5896152
 559837 words of memory out of 5000000
 31054 multiletter control sequences out of 15000+600000
 521292 words of font info for 121 fonts, out of 8000000 for 9000
 14 hyphenation exceptions out of 8191
 60i,12n,63p,1196b,487s stack positions out of 5000i,500n,10000p,200000b,80000s
{/usr/share/texmf/fonts/enc/dvips/lm/lm-mathit.enc}{/usr/share/texmf/fonts/en
c/dvips/lm/lm-ec.enc}{/usr/share/texmf/fonts/enc/dvips/lm/lm-mathsy.enc}{/usr/s
hare/texmf/fonts/enc/dvips/lm/lm-rm.enc}{/usr/share/texmf/fonts/enc/dvips/lm/lm
-ts1.enc}</usr/share/texmf/fonts/type1/public/lm/lmbx12.pfb></usr/share/texmf/f
onts/type1/public/lm/lmmi12.pfb></usr/share/texmf/fonts/type1/public/lm/lmr10.p
fb></usr/share/texmf/fonts/type1/public/lm/lmr12.pfb></usr/share/texmf/fonts/ty
pe1/public/lm/lmr8.pfb></usr/share/texmf/fonts/type1/public/lm/lmsy10.pfb></usr
/share/texmf/fonts/type1/public/lm/lmsy8.pfb></usr/share/texmf/fonts/type1/publ
ic/lm/lmtt12.pfb>
Output written on main.pdf (48 pages, 1644784 bytes).
PDF statistics:
 972 PDF objects out of 1000 (max. 8388607)
 870 compressed objects within 9 object streams
 223 named destinations out of 1000 (max. 500000)
 32185 words of extra memory for PDF output out of 35830 (max. 10000000)

