\BOOKMARK [1][-]{section.1}{\376\377\000I\000n\000t\000r\000o\000d\000u\000c\000t\000i\000o\000n}{}% 1
\BOOKMARK [1][-]{section.2}{\376\377\000S\000y\000s\000t\000e\000m\000\040\000T\000o\000p\000o\000l\000o\000g\000y\000\040\000a\000n\000d\000\040\000I\000n\000f\000r\000a\000s\000t\000r\000u\000c\000t\000u\000r\000e}{}% 2
\BOOKMARK [2][-]{subsection.2.1}{\376\377\000C\000o\000r\000e\000\040\000I\000n\000f\000r\000a\000s\000t\000r\000u\000c\000t\000u\000r\000e\000\040\000C\000o\000m\000p\000o\000n\000e\000n\000t\000s}{section.2}% 3
\BOOKMARK [2][-]{subsection.2.2}{\376\377\000I\000o\000T\000\040\000D\000e\000v\000i\000c\000e\000\040\000R\000e\000g\000i\000s\000t\000r\000a\000t\000i\000o\000n}{section.2}% 4
\BOOKMARK [1][-]{section.3}{\376\377\000N\000e\000t\000w\000o\000r\000k\000\040\000S\000e\000r\000v\000i\000c\000e\000s\000\040\000a\000n\000d\000\040\000S\000e\000c\000u\000r\000i\000t\000y}{}% 5
\BOOKMARK [2][-]{subsection.3.1}{\376\377\000D\000H\000C\000P\000\040\000a\000n\000d\000\040\000D\000N\000S\000\040\000S\000e\000r\000v\000i\000c\000e\000s}{section.3}% 6
\BOOKMARK [2][-]{subsection.3.2}{\376\377\000W\000i\000r\000e\000l\000e\000s\000s\000\040\000S\000e\000c\000u\000r\000i\000t\000y}{section.3}% 7
\BOOKMARK [2][-]{subsection.3.3}{\376\377\000C\000o\000n\000n\000e\000c\000t\000i\000v\000i\000t\000y\000\040\000V\000e\000r\000i\000f\000i\000c\000a\000t\000i\000o\000n}{section.3}% 8
\BOOKMARK [1][-]{section.4}{\376\377\000I\000m\000p\000l\000e\000m\000e\000n\000t\000e\000d\000\040\000S\000m\000a\000r\000t\000\040\000F\000e\000a\000t\000u\000r\000e\000s}{}% 9
\BOOKMARK [2][-]{subsection.4.1}{\376\377\000O\000c\000c\000u\000p\000a\000n\000c\000y\000-\000B\000a\000s\000e\000d\000\040\000L\000i\000g\000h\000t\000i\000n\000g}{section.4}% 10
\BOOKMARK [2][-]{subsection.4.2}{\376\377\000E\000n\000v\000i\000r\000o\000n\000m\000e\000n\000t\000a\000l\000\040\000C\000o\000n\000t\000r\000o\000l}{section.4}% 11
\BOOKMARK [2][-]{subsection.4.3}{\376\377\000H\000V\000A\000C\000\040\000V\000e\000r\000i\000f\000i\000c\000a\000t\000i\000o\000n}{section.4}% 12
\BOOKMARK [2][-]{subsection.4.4}{\376\377\000H\000u\000m\000i\000d\000i\000t\000y\000\040\000C\000o\000m\000f\000o\000r\000t\000\040\000C\000o\000n\000t\000r\000o\000l}{section.4}% 13
\BOOKMARK [2][-]{subsection.4.5}{\376\377\000S\000m\000a\000r\000t\000\040\000W\000i\000n\000d\000o\000w\000\040\000A\000u\000t\000o\000m\000a\000t\000i\000o\000n}{section.4}% 14
\BOOKMARK [2][-]{subsection.4.6}{\376\377\000W\000a\000t\000e\000r\000\040\000S\000a\000f\000e\000t\000y\000\040\000M\000o\000n\000i\000t\000o\000r\000i\000n\000g}{section.4}% 15
\BOOKMARK [2][-]{subsection.4.7}{\376\377\000O\000c\000c\000u\000p\000a\000n\000c\000y\000\040\000F\000u\000l\000l\000\040\000D\000e\000t\000e\000c\000t\000i\000o\000n}{section.4}% 16
\BOOKMARK [2][-]{subsection.4.8}{\376\377\000S\000t\000r\000e\000e\000t\000\040\000L\000a\000m\000p\000\040\000A\000u\000t\000o\000m\000a\000t\000i\000o\000n}{section.4}% 17
\BOOKMARK [1][-]{section.5}{\376\377\000A\000u\000t\000o\000m\000a\000t\000i\000o\000n\000\040\000L\000o\000g\000i\000c}{}% 18
\BOOKMARK [1][-]{section.6}{\376\377\000D\000a\000s\000h\000b\000o\000a\000r\000d\000\040\000a\000n\000d\000\040\000U\000s\000e\000r\000\040\000I\000n\000t\000e\000r\000f\000a\000c\000e\000s}{}% 19
\BOOKMARK [2][-]{subsection.6.1}{\376\377\000A\000d\000m\000i\000n\000i\000s\000t\000r\000a\000t\000i\000v\000e\000\040\000D\000a\000s\000h\000b\000o\000a\000r\000d}{section.6}% 20
\BOOKMARK [2][-]{subsection.6.2}{\376\377\000P\000r\000a\000y\000e\000r\000-\000T\000i\000m\000e\000\040\000D\000a\000s\000h\000b\000o\000a\000r\000d}{section.6}% 21
\BOOKMARK [1][-]{section.7}{\376\377\000S\000y\000s\000t\000e\000m\000\040\000E\000v\000a\000l\000u\000a\000t\000i\000o\000n}{}% 22
\BOOKMARK [1][-]{section.8}{\376\377\000C\000h\000a\000l\000l\000e\000n\000g\000e\000s\000\040\000a\000n\000d\000\040\000S\000o\000l\000u\000t\000i\000o\000n\000s}{}% 23
\BOOKMARK [1][-]{section.9}{\376\377\000F\000u\000t\000u\000r\000e\000\040\000I\000m\000p\000r\000o\000v\000e\000m\000e\000n\000t\000s}{}% 24
\BOOKMARK [1][-]{section.10}{\376\377\000C\000o\000n\000c\000l\000u\000s\000i\000o\000n}{}% 25
\BOOKMARK [1][-]{section.10}{\376\377\000L\000i\000s\000t\000\040\000o\000f\000\040\000F\000i\000g\000u\000r\000e\000s}{}% 26
